<?xml version="1.0" encoding="UTF-8"?>
<!-- Generated by org.testng.reporters.JUnitXMLReporter -->
<testsuite hostname="Surabhis-MacBook-Pro-G0131.local" name="Test" tests="6" failures="0" timestamp="31 Aug 2021 14:57:29 GMT" time="170.762" errors="0">
  <testcase name="TC_EL_001" time="13.986" classname="testsuite.RegressionTestCases"/>
  <testcase name="TC_EL_002" time="37.005" classname="testsuite.RegressionTestCases"/>
  <testcase name="TC_EL_003" time="41.05" classname="testsuite.RegressionTestCases"/>
  <testcase name="TC_EL_004" time="26.631" classname="testsuite.RegressionTestCases"/>
  <testcase name="TC_EL_005" time="22.993" classname="testsuite.RegressionTestCases"/>
  <testcase name="TC_EL_008" time="23.937" classname="testsuite.RegressionTestCases"/>
</testsuite> <!-- Test -->
